CRITICAL - 2021-12-11 03:16:15 --> Class "App\Models\Devices" not found
#0 C:\xampp\htdocs\Praktikum_5\vendor\codeigniter4\framework\system\CodeIgniter.php(801): App\Controllers\DeviceController->__construct()
#1 C:\xampp\htdocs\Praktikum_5\vendor\codeigniter4\framework\system\CodeIgniter.php(401): CodeIgniter\CodeIgniter->createController()
#2 C:\xampp\htdocs\Praktikum_5\vendor\codeigniter4\framework\system\CodeIgniter.php(318): CodeIgniter\CodeIgniter->handleRequest(NULL, Object(Config\Cache), false)
#3 C:\xampp\htdocs\Praktikum_5\public\index.php(37): CodeIgniter\CodeIgniter->run()
#4 C:\xampp\htdocs\Praktikum_5\vendor\codeigniter4\framework\system\Commands\Server\rewrite.php(43): require_once('C:\\xampp\\htdocs...')
#5 {main}
CRITICAL - 2021-12-11 03:16:26 --> Class "App\Models\Devices" not found
#0 C:\xampp\htdocs\Praktikum_5\vendor\codeigniter4\framework\system\CodeIgniter.php(801): App\Controllers\DeviceController->__construct()
#1 C:\xampp\htdocs\Praktikum_5\vendor\codeigniter4\framework\system\CodeIgniter.php(401): CodeIgniter\CodeIgniter->createController()
#2 C:\xampp\htdocs\Praktikum_5\vendor\codeigniter4\framework\system\CodeIgniter.php(318): CodeIgniter\CodeIgniter->handleRequest(NULL, Object(Config\Cache), false)
#3 C:\xampp\htdocs\Praktikum_5\public\index.php(37): CodeIgniter\CodeIgniter->run()
#4 C:\xampp\htdocs\Praktikum_5\vendor\codeigniter4\framework\system\Commands\Server\rewrite.php(43): require_once('C:\\xampp\\htdocs...')
#5 {main}
CRITICAL - 2021-12-11 03:19:35 --> Class "App\Models\Devices" not found
#0 C:\xampp\htdocs\Praktikum_5\vendor\codeigniter4\framework\system\CodeIgniter.php(801): App\Controllers\DeviceController->__construct()
#1 C:\xampp\htdocs\Praktikum_5\vendor\codeigniter4\framework\system\CodeIgniter.php(401): CodeIgniter\CodeIgniter->createController()
#2 C:\xampp\htdocs\Praktikum_5\vendor\codeigniter4\framework\system\CodeIgniter.php(318): CodeIgniter\CodeIgniter->handleRequest(NULL, Object(Config\Cache), false)
#3 C:\xampp\htdocs\Praktikum_5\public\index.php(37): CodeIgniter\CodeIgniter->run()
#4 C:\xampp\htdocs\Praktikum_5\vendor\codeigniter4\framework\system\Commands\Server\rewrite.php(43): require_once('C:\\xampp\\htdocs...')
#5 {main}
CRITICAL - 2021-12-11 03:30:16 --> Class "App\Models\Devices" not found
#0 C:\xampp\htdocs\Praktikum_5\vendor\codeigniter4\framework\system\CodeIgniter.php(801): App\Controllers\DeviceController->__construct()
#1 C:\xampp\htdocs\Praktikum_5\vendor\codeigniter4\framework\system\CodeIgniter.php(401): CodeIgniter\CodeIgniter->createController()
#2 C:\xampp\htdocs\Praktikum_5\vendor\codeigniter4\framework\system\CodeIgniter.php(318): CodeIgniter\CodeIgniter->handleRequest(NULL, Object(Config\Cache), false)
#3 C:\xampp\htdocs\Praktikum_5\public\index.php(37): CodeIgniter\CodeIgniter->run()
#4 C:\xampp\htdocs\Praktikum_5\vendor\codeigniter4\framework\system\Commands\Server\rewrite.php(43): require_once('C:\\xampp\\htdocs...')
#5 {main}
CRITICAL - 2021-12-11 03:32:20 --> Class "App\Models\Devices" not found
#0 C:\xampp\htdocs\Praktikum_5\vendor\codeigniter4\framework\system\CodeIgniter.php(801): App\Controllers\DeviceController->__construct()
#1 C:\xampp\htdocs\Praktikum_5\vendor\codeigniter4\framework\system\CodeIgniter.php(401): CodeIgniter\CodeIgniter->createController()
#2 C:\xampp\htdocs\Praktikum_5\vendor\codeigniter4\framework\system\CodeIgniter.php(318): CodeIgniter\CodeIgniter->handleRequest(NULL, Object(Config\Cache), false)
#3 C:\xampp\htdocs\Praktikum_5\public\index.php(37): CodeIgniter\CodeIgniter->run()
#4 C:\xampp\htdocs\Praktikum_5\vendor\codeigniter4\framework\system\Commands\Server\rewrite.php(43): require_once('C:\\xampp\\htdocs...')
#5 {main}
CRITICAL - 2021-12-11 03:42:17 --> Class "App\Models\Devices" not found
#0 C:\xampp\htdocs\Praktikum_5\vendor\codeigniter4\framework\system\CodeIgniter.php(801): App\Controllers\DeviceController->__construct()
#1 C:\xampp\htdocs\Praktikum_5\vendor\codeigniter4\framework\system\CodeIgniter.php(401): CodeIgniter\CodeIgniter->createController()
#2 C:\xampp\htdocs\Praktikum_5\vendor\codeigniter4\framework\system\CodeIgniter.php(318): CodeIgniter\CodeIgniter->handleRequest(NULL, Object(Config\Cache), false)
#3 C:\xampp\htdocs\Praktikum_5\public\index.php(37): CodeIgniter\CodeIgniter->run()
#4 C:\xampp\htdocs\Praktikum_5\vendor\codeigniter4\framework\system\Commands\Server\rewrite.php(43): require_once('C:\\xampp\\htdocs...')
#5 {main}
CRITICAL - 2021-12-11 03:44:31 --> Class "App\Models\Devices" not found
#0 C:\xampp\htdocs\Praktikum_5\vendor\codeigniter4\framework\system\CodeIgniter.php(801): App\Controllers\DeviceController->__construct()
#1 C:\xampp\htdocs\Praktikum_5\vendor\codeigniter4\framework\system\CodeIgniter.php(401): CodeIgniter\CodeIgniter->createController()
#2 C:\xampp\htdocs\Praktikum_5\vendor\codeigniter4\framework\system\CodeIgniter.php(318): CodeIgniter\CodeIgniter->handleRequest(NULL, Object(Config\Cache), false)
#3 C:\xampp\htdocs\Praktikum_5\public\index.php(37): CodeIgniter\CodeIgniter->run()
#4 C:\xampp\htdocs\Praktikum_5\vendor\codeigniter4\framework\system\Commands\Server\rewrite.php(43): require_once('C:\\xampp\\htdocs...')
#5 {main}
CRITICAL - 2021-12-11 03:46:49 --> Class "App\Models\Devices" not found
#0 C:\xampp\htdocs\Praktikum_5\vendor\codeigniter4\framework\system\CodeIgniter.php(801): App\Controllers\DeviceController->__construct()
#1 C:\xampp\htdocs\Praktikum_5\vendor\codeigniter4\framework\system\CodeIgniter.php(401): CodeIgniter\CodeIgniter->createController()
#2 C:\xampp\htdocs\Praktikum_5\vendor\codeigniter4\framework\system\CodeIgniter.php(318): CodeIgniter\CodeIgniter->handleRequest(NULL, Object(Config\Cache), false)
#3 C:\xampp\htdocs\Praktikum_5\public\index.php(37): CodeIgniter\CodeIgniter->run()
#4 C:\xampp\htdocs\Praktikum_5\vendor\codeigniter4\framework\system\Commands\Server\rewrite.php(43): require_once('C:\\xampp\\htdocs...')
#5 {main}
CRITICAL - 2021-12-11 03:46:51 --> Class "App\Models\Devices" not found
#0 C:\xampp\htdocs\Praktikum_5\vendor\codeigniter4\framework\system\CodeIgniter.php(801): App\Controllers\DeviceController->__construct()
#1 C:\xampp\htdocs\Praktikum_5\vendor\codeigniter4\framework\system\CodeIgniter.php(401): CodeIgniter\CodeIgniter->createController()
#2 C:\xampp\htdocs\Praktikum_5\vendor\codeigniter4\framework\system\CodeIgniter.php(318): CodeIgniter\CodeIgniter->handleRequest(NULL, Object(Config\Cache), false)
#3 C:\xampp\htdocs\Praktikum_5\public\index.php(37): CodeIgniter\CodeIgniter->run()
#4 C:\xampp\htdocs\Praktikum_5\vendor\codeigniter4\framework\system\Commands\Server\rewrite.php(43): require_once('C:\\xampp\\htdocs...')
#5 {main}
CRITICAL - 2021-12-11 03:47:01 --> Class "App\Models\Devices" not found
#0 C:\xampp\htdocs\Praktikum_5\vendor\codeigniter4\framework\system\CodeIgniter.php(801): App\Controllers\DeviceController->__construct()
#1 C:\xampp\htdocs\Praktikum_5\vendor\codeigniter4\framework\system\CodeIgniter.php(401): CodeIgniter\CodeIgniter->createController()
#2 C:\xampp\htdocs\Praktikum_5\vendor\codeigniter4\framework\system\CodeIgniter.php(318): CodeIgniter\CodeIgniter->handleRequest(NULL, Object(Config\Cache), false)
#3 C:\xampp\htdocs\Praktikum_5\public\index.php(37): CodeIgniter\CodeIgniter->run()
#4 C:\xampp\htdocs\Praktikum_5\vendor\codeigniter4\framework\system\Commands\Server\rewrite.php(43): require_once('C:\\xampp\\htdocs...')
#5 {main}
CRITICAL - 2021-12-11 03:47:04 --> Class "App\Models\Devices" not found
#0 C:\xampp\htdocs\Praktikum_5\vendor\codeigniter4\framework\system\CodeIgniter.php(801): App\Controllers\DeviceController->__construct()
#1 C:\xampp\htdocs\Praktikum_5\vendor\codeigniter4\framework\system\CodeIgniter.php(401): CodeIgniter\CodeIgniter->createController()
#2 C:\xampp\htdocs\Praktikum_5\vendor\codeigniter4\framework\system\CodeIgniter.php(318): CodeIgniter\CodeIgniter->handleRequest(NULL, Object(Config\Cache), false)
#3 C:\xampp\htdocs\Praktikum_5\public\index.php(37): CodeIgniter\CodeIgniter->run()
#4 C:\xampp\htdocs\Praktikum_5\vendor\codeigniter4\framework\system\Commands\Server\rewrite.php(43): require_once('C:\\xampp\\htdocs...')
#5 {main}
CRITICAL - 2021-12-11 03:48:33 --> Class "App\Models\Devices" not found
#0 C:\xampp\htdocs\Praktikum_5\vendor\codeigniter4\framework\system\CodeIgniter.php(801): App\Controllers\DeviceController->__construct()
#1 C:\xampp\htdocs\Praktikum_5\vendor\codeigniter4\framework\system\CodeIgniter.php(401): CodeIgniter\CodeIgniter->createController()
#2 C:\xampp\htdocs\Praktikum_5\vendor\codeigniter4\framework\system\CodeIgniter.php(318): CodeIgniter\CodeIgniter->handleRequest(NULL, Object(Config\Cache), false)
#3 C:\xampp\htdocs\Praktikum_5\public\index.php(37): CodeIgniter\CodeIgniter->run()
#4 C:\xampp\htdocs\Praktikum_5\vendor\codeigniter4\framework\system\Commands\Server\rewrite.php(43): require_once('C:\\xampp\\htdocs...')
#5 {main}
CRITICAL - 2021-12-11 03:49:03 --> Class "App\Models\Devices" not found
#0 C:\xampp\htdocs\Praktikum_5\vendor\codeigniter4\framework\system\CodeIgniter.php(801): App\Controllers\DeviceController->__construct()
#1 C:\xampp\htdocs\Praktikum_5\vendor\codeigniter4\framework\system\CodeIgniter.php(401): CodeIgniter\CodeIgniter->createController()
#2 C:\xampp\htdocs\Praktikum_5\vendor\codeigniter4\framework\system\CodeIgniter.php(318): CodeIgniter\CodeIgniter->handleRequest(NULL, Object(Config\Cache), false)
#3 C:\xampp\htdocs\Praktikum_5\public\index.php(37): CodeIgniter\CodeIgniter->run()
#4 C:\xampp\htdocs\Praktikum_5\vendor\codeigniter4\framework\system\Commands\Server\rewrite.php(43): require_once('C:\\xampp\\htdocs...')
#5 {main}
CRITICAL - 2021-12-11 03:49:08 --> Class "App\Models\Devices" not found
#0 C:\xampp\htdocs\Praktikum_5\vendor\codeigniter4\framework\system\CodeIgniter.php(801): App\Controllers\DeviceController->__construct()
#1 C:\xampp\htdocs\Praktikum_5\vendor\codeigniter4\framework\system\CodeIgniter.php(401): CodeIgniter\CodeIgniter->createController()
#2 C:\xampp\htdocs\Praktikum_5\vendor\codeigniter4\framework\system\CodeIgniter.php(318): CodeIgniter\CodeIgniter->handleRequest(NULL, Object(Config\Cache), false)
#3 C:\xampp\htdocs\Praktikum_5\public\index.php(37): CodeIgniter\CodeIgniter->run()
#4 C:\xampp\htdocs\Praktikum_5\vendor\codeigniter4\framework\system\Commands\Server\rewrite.php(43): require_once('C:\\xampp\\htdocs...')
#5 {main}
CRITICAL - 2021-12-11 03:50:03 --> Class "App\Models\Devices" not found
#0 C:\xampp\htdocs\Praktikum_5\vendor\codeigniter4\framework\system\CodeIgniter.php(801): App\Controllers\DeviceController->__construct()
#1 C:\xampp\htdocs\Praktikum_5\vendor\codeigniter4\framework\system\CodeIgniter.php(401): CodeIgniter\CodeIgniter->createController()
#2 C:\xampp\htdocs\Praktikum_5\vendor\codeigniter4\framework\system\CodeIgniter.php(318): CodeIgniter\CodeIgniter->handleRequest(NULL, Object(Config\Cache), false)
#3 C:\xampp\htdocs\Praktikum_5\public\index.php(37): CodeIgniter\CodeIgniter->run()
#4 C:\xampp\htdocs\Praktikum_5\vendor\codeigniter4\framework\system\Commands\Server\rewrite.php(43): require_once('C:\\xampp\\htdocs...')
#5 {main}
CRITICAL - 2021-12-11 03:50:05 --> Class "App\Models\Devices" not found
#0 C:\xampp\htdocs\Praktikum_5\vendor\codeigniter4\framework\system\CodeIgniter.php(801): App\Controllers\DeviceController->__construct()
#1 C:\xampp\htdocs\Praktikum_5\vendor\codeigniter4\framework\system\CodeIgniter.php(401): CodeIgniter\CodeIgniter->createController()
#2 C:\xampp\htdocs\Praktikum_5\vendor\codeigniter4\framework\system\CodeIgniter.php(318): CodeIgniter\CodeIgniter->handleRequest(NULL, Object(Config\Cache), false)
#3 C:\xampp\htdocs\Praktikum_5\public\index.php(37): CodeIgniter\CodeIgniter->run()
#4 C:\xampp\htdocs\Praktikum_5\vendor\codeigniter4\framework\system\Commands\Server\rewrite.php(43): require_once('C:\\xampp\\htdocs...')
#5 {main}
CRITICAL - 2021-12-11 03:50:05 --> Class "App\Models\Devices" not found
#0 C:\xampp\htdocs\Praktikum_5\vendor\codeigniter4\framework\system\CodeIgniter.php(801): App\Controllers\DeviceController->__construct()
#1 C:\xampp\htdocs\Praktikum_5\vendor\codeigniter4\framework\system\CodeIgniter.php(401): CodeIgniter\CodeIgniter->createController()
#2 C:\xampp\htdocs\Praktikum_5\vendor\codeigniter4\framework\system\CodeIgniter.php(318): CodeIgniter\CodeIgniter->handleRequest(NULL, Object(Config\Cache), false)
#3 C:\xampp\htdocs\Praktikum_5\public\index.php(37): CodeIgniter\CodeIgniter->run()
#4 C:\xampp\htdocs\Praktikum_5\vendor\codeigniter4\framework\system\Commands\Server\rewrite.php(43): require_once('C:\\xampp\\htdocs...')
#5 {main}
CRITICAL - 2021-12-11 03:50:58 --> Class "App\Controllers\Device" not found
#0 C:\xampp\htdocs\Praktikum_5\vendor\codeigniter4\framework\system\CodeIgniter.php(801): App\Controllers\DeviceController->__construct()
#1 C:\xampp\htdocs\Praktikum_5\vendor\codeigniter4\framework\system\CodeIgniter.php(401): CodeIgniter\CodeIgniter->createController()
#2 C:\xampp\htdocs\Praktikum_5\vendor\codeigniter4\framework\system\CodeIgniter.php(318): CodeIgniter\CodeIgniter->handleRequest(NULL, Object(Config\Cache), false)
#3 C:\xampp\htdocs\Praktikum_5\public\index.php(37): CodeIgniter\CodeIgniter->run()
#4 C:\xampp\htdocs\Praktikum_5\vendor\codeigniter4\framework\system\Commands\Server\rewrite.php(43): require_once('C:\\xampp\\htdocs...')
#5 {main}
CRITICAL - 2021-12-11 03:51:01 --> Class "App\Controllers\Device" not found
#0 C:\xampp\htdocs\Praktikum_5\vendor\codeigniter4\framework\system\CodeIgniter.php(801): App\Controllers\DeviceController->__construct()
#1 C:\xampp\htdocs\Praktikum_5\vendor\codeigniter4\framework\system\CodeIgniter.php(401): CodeIgniter\CodeIgniter->createController()
#2 C:\xampp\htdocs\Praktikum_5\vendor\codeigniter4\framework\system\CodeIgniter.php(318): CodeIgniter\CodeIgniter->handleRequest(NULL, Object(Config\Cache), false)
#3 C:\xampp\htdocs\Praktikum_5\public\index.php(37): CodeIgniter\CodeIgniter->run()
#4 C:\xampp\htdocs\Praktikum_5\vendor\codeigniter4\framework\system\Commands\Server\rewrite.php(43): require_once('C:\\xampp\\htdocs...')
#5 {main}
CRITICAL - 2021-12-11 03:51:21 --> Class "App\Models\Devices" not found
#0 C:\xampp\htdocs\Praktikum_5\vendor\codeigniter4\framework\system\CodeIgniter.php(801): App\Controllers\DeviceController->__construct()
#1 C:\xampp\htdocs\Praktikum_5\vendor\codeigniter4\framework\system\CodeIgniter.php(401): CodeIgniter\CodeIgniter->createController()
#2 C:\xampp\htdocs\Praktikum_5\vendor\codeigniter4\framework\system\CodeIgniter.php(318): CodeIgniter\CodeIgniter->handleRequest(NULL, Object(Config\Cache), false)
#3 C:\xampp\htdocs\Praktikum_5\public\index.php(37): CodeIgniter\CodeIgniter->run()
#4 C:\xampp\htdocs\Praktikum_5\vendor\codeigniter4\framework\system\Commands\Server\rewrite.php(43): require_once('C:\\xampp\\htdocs...')
#5 {main}
CRITICAL - 2021-12-11 03:51:22 --> Class "App\Models\Devices" not found
#0 C:\xampp\htdocs\Praktikum_5\vendor\codeigniter4\framework\system\CodeIgniter.php(801): App\Controllers\DeviceController->__construct()
#1 C:\xampp\htdocs\Praktikum_5\vendor\codeigniter4\framework\system\CodeIgniter.php(401): CodeIgniter\CodeIgniter->createController()
#2 C:\xampp\htdocs\Praktikum_5\vendor\codeigniter4\framework\system\CodeIgniter.php(318): CodeIgniter\CodeIgniter->handleRequest(NULL, Object(Config\Cache), false)
#3 C:\xampp\htdocs\Praktikum_5\public\index.php(37): CodeIgniter\CodeIgniter->run()
#4 C:\xampp\htdocs\Praktikum_5\vendor\codeigniter4\framework\system\Commands\Server\rewrite.php(43): require_once('C:\\xampp\\htdocs...')
#5 {main}
CRITICAL - 2021-12-11 03:51:23 --> Class "App\Models\Devices" not found
#0 C:\xampp\htdocs\Praktikum_5\vendor\codeigniter4\framework\system\CodeIgniter.php(801): App\Controllers\DeviceController->__construct()
#1 C:\xampp\htdocs\Praktikum_5\vendor\codeigniter4\framework\system\CodeIgniter.php(401): CodeIgniter\CodeIgniter->createController()
#2 C:\xampp\htdocs\Praktikum_5\vendor\codeigniter4\framework\system\CodeIgniter.php(318): CodeIgniter\CodeIgniter->handleRequest(NULL, Object(Config\Cache), false)
#3 C:\xampp\htdocs\Praktikum_5\public\index.php(37): CodeIgniter\CodeIgniter->run()
#4 C:\xampp\htdocs\Praktikum_5\vendor\codeigniter4\framework\system\Commands\Server\rewrite.php(43): require_once('C:\\xampp\\htdocs...')
#5 {main}
CRITICAL - 2021-12-11 03:51:23 --> Class "App\Models\Devices" not found
#0 C:\xampp\htdocs\Praktikum_5\vendor\codeigniter4\framework\system\CodeIgniter.php(801): App\Controllers\DeviceController->__construct()
#1 C:\xampp\htdocs\Praktikum_5\vendor\codeigniter4\framework\system\CodeIgniter.php(401): CodeIgniter\CodeIgniter->createController()
#2 C:\xampp\htdocs\Praktikum_5\vendor\codeigniter4\framework\system\CodeIgniter.php(318): CodeIgniter\CodeIgniter->handleRequest(NULL, Object(Config\Cache), false)
#3 C:\xampp\htdocs\Praktikum_5\public\index.php(37): CodeIgniter\CodeIgniter->run()
#4 C:\xampp\htdocs\Praktikum_5\vendor\codeigniter4\framework\system\Commands\Server\rewrite.php(43): require_once('C:\\xampp\\htdocs...')
#5 {main}
CRITICAL - 2021-12-11 03:51:23 --> Class "App\Models\Devices" not found
#0 C:\xampp\htdocs\Praktikum_5\vendor\codeigniter4\framework\system\CodeIgniter.php(801): App\Controllers\DeviceController->__construct()
#1 C:\xampp\htdocs\Praktikum_5\vendor\codeigniter4\framework\system\CodeIgniter.php(401): CodeIgniter\CodeIgniter->createController()
#2 C:\xampp\htdocs\Praktikum_5\vendor\codeigniter4\framework\system\CodeIgniter.php(318): CodeIgniter\CodeIgniter->handleRequest(NULL, Object(Config\Cache), false)
#3 C:\xampp\htdocs\Praktikum_5\public\index.php(37): CodeIgniter\CodeIgniter->run()
#4 C:\xampp\htdocs\Praktikum_5\vendor\codeigniter4\framework\system\Commands\Server\rewrite.php(43): require_once('C:\\xampp\\htdocs...')
#5 {main}
CRITICAL - 2021-12-11 03:51:24 --> Class "App\Models\Devices" not found
#0 C:\xampp\htdocs\Praktikum_5\vendor\codeigniter4\framework\system\CodeIgniter.php(801): App\Controllers\DeviceController->__construct()
#1 C:\xampp\htdocs\Praktikum_5\vendor\codeigniter4\framework\system\CodeIgniter.php(401): CodeIgniter\CodeIgniter->createController()
#2 C:\xampp\htdocs\Praktikum_5\vendor\codeigniter4\framework\system\CodeIgniter.php(318): CodeIgniter\CodeIgniter->handleRequest(NULL, Object(Config\Cache), false)
#3 C:\xampp\htdocs\Praktikum_5\public\index.php(37): CodeIgniter\CodeIgniter->run()
#4 C:\xampp\htdocs\Praktikum_5\vendor\codeigniter4\framework\system\Commands\Server\rewrite.php(43): require_once('C:\\xampp\\htdocs...')
#5 {main}
CRITICAL - 2021-12-11 03:51:24 --> Class "App\Models\Devices" not found
#0 C:\xampp\htdocs\Praktikum_5\vendor\codeigniter4\framework\system\CodeIgniter.php(801): App\Controllers\DeviceController->__construct()
#1 C:\xampp\htdocs\Praktikum_5\vendor\codeigniter4\framework\system\CodeIgniter.php(401): CodeIgniter\CodeIgniter->createController()
#2 C:\xampp\htdocs\Praktikum_5\vendor\codeigniter4\framework\system\CodeIgniter.php(318): CodeIgniter\CodeIgniter->handleRequest(NULL, Object(Config\Cache), false)
#3 C:\xampp\htdocs\Praktikum_5\public\index.php(37): CodeIgniter\CodeIgniter->run()
#4 C:\xampp\htdocs\Praktikum_5\vendor\codeigniter4\framework\system\Commands\Server\rewrite.php(43): require_once('C:\\xampp\\htdocs...')
#5 {main}
CRITICAL - 2021-12-11 03:52:26 --> Class "App\Models\Devices" not found
#0 C:\xampp\htdocs\Praktikum_5\vendor\codeigniter4\framework\system\CodeIgniter.php(801): App\Controllers\DeviceController->__construct()
#1 C:\xampp\htdocs\Praktikum_5\vendor\codeigniter4\framework\system\CodeIgniter.php(401): CodeIgniter\CodeIgniter->createController()
#2 C:\xampp\htdocs\Praktikum_5\vendor\codeigniter4\framework\system\CodeIgniter.php(318): CodeIgniter\CodeIgniter->handleRequest(NULL, Object(Config\Cache), false)
#3 C:\xampp\htdocs\Praktikum_5\public\index.php(37): CodeIgniter\CodeIgniter->run()
#4 C:\xampp\htdocs\Praktikum_5\vendor\codeigniter4\framework\system\Commands\Server\rewrite.php(43): require_once('C:\\xampp\\htdocs...')
#5 {main}
CRITICAL - 2021-12-11 03:52:27 --> Class "App\Models\Devices" not found
#0 C:\xampp\htdocs\Praktikum_5\vendor\codeigniter4\framework\system\CodeIgniter.php(801): App\Controllers\DeviceController->__construct()
#1 C:\xampp\htdocs\Praktikum_5\vendor\codeigniter4\framework\system\CodeIgniter.php(401): CodeIgniter\CodeIgniter->createController()
#2 C:\xampp\htdocs\Praktikum_5\vendor\codeigniter4\framework\system\CodeIgniter.php(318): CodeIgniter\CodeIgniter->handleRequest(NULL, Object(Config\Cache), false)
#3 C:\xampp\htdocs\Praktikum_5\public\index.php(37): CodeIgniter\CodeIgniter->run()
#4 C:\xampp\htdocs\Praktikum_5\vendor\codeigniter4\framework\system\Commands\Server\rewrite.php(43): require_once('C:\\xampp\\htdocs...')
#5 {main}
CRITICAL - 2021-12-11 03:52:27 --> Class "App\Models\Devices" not found
#0 C:\xampp\htdocs\Praktikum_5\vendor\codeigniter4\framework\system\CodeIgniter.php(801): App\Controllers\DeviceController->__construct()
#1 C:\xampp\htdocs\Praktikum_5\vendor\codeigniter4\framework\system\CodeIgniter.php(401): CodeIgniter\CodeIgniter->createController()
#2 C:\xampp\htdocs\Praktikum_5\vendor\codeigniter4\framework\system\CodeIgniter.php(318): CodeIgniter\CodeIgniter->handleRequest(NULL, Object(Config\Cache), false)
#3 C:\xampp\htdocs\Praktikum_5\public\index.php(37): CodeIgniter\CodeIgniter->run()
#4 C:\xampp\htdocs\Praktikum_5\vendor\codeigniter4\framework\system\Commands\Server\rewrite.php(43): require_once('C:\\xampp\\htdocs...')
#5 {main}
CRITICAL - 2021-12-11 03:52:28 --> Class "App\Models\Devices" not found
#0 C:\xampp\htdocs\Praktikum_5\vendor\codeigniter4\framework\system\CodeIgniter.php(801): App\Controllers\DeviceController->__construct()
#1 C:\xampp\htdocs\Praktikum_5\vendor\codeigniter4\framework\system\CodeIgniter.php(401): CodeIgniter\CodeIgniter->createController()
#2 C:\xampp\htdocs\Praktikum_5\vendor\codeigniter4\framework\system\CodeIgniter.php(318): CodeIgniter\CodeIgniter->handleRequest(NULL, Object(Config\Cache), false)
#3 C:\xampp\htdocs\Praktikum_5\public\index.php(37): CodeIgniter\CodeIgniter->run()
#4 C:\xampp\htdocs\Praktikum_5\vendor\codeigniter4\framework\system\Commands\Server\rewrite.php(43): require_once('C:\\xampp\\htdocs...')
#5 {main}
CRITICAL - 2021-12-11 03:52:28 --> Class "App\Models\Devices" not found
#0 C:\xampp\htdocs\Praktikum_5\vendor\codeigniter4\framework\system\CodeIgniter.php(801): App\Controllers\DeviceController->__construct()
#1 C:\xampp\htdocs\Praktikum_5\vendor\codeigniter4\framework\system\CodeIgniter.php(401): CodeIgniter\CodeIgniter->createController()
#2 C:\xampp\htdocs\Praktikum_5\vendor\codeigniter4\framework\system\CodeIgniter.php(318): CodeIgniter\CodeIgniter->handleRequest(NULL, Object(Config\Cache), false)
#3 C:\xampp\htdocs\Praktikum_5\public\index.php(37): CodeIgniter\CodeIgniter->run()
#4 C:\xampp\htdocs\Praktikum_5\vendor\codeigniter4\framework\system\Commands\Server\rewrite.php(43): require_once('C:\\xampp\\htdocs...')
#5 {main}
CRITICAL - 2021-12-11 03:52:28 --> Class "App\Models\Devices" not found
#0 C:\xampp\htdocs\Praktikum_5\vendor\codeigniter4\framework\system\CodeIgniter.php(801): App\Controllers\DeviceController->__construct()
#1 C:\xampp\htdocs\Praktikum_5\vendor\codeigniter4\framework\system\CodeIgniter.php(401): CodeIgniter\CodeIgniter->createController()
#2 C:\xampp\htdocs\Praktikum_5\vendor\codeigniter4\framework\system\CodeIgniter.php(318): CodeIgniter\CodeIgniter->handleRequest(NULL, Object(Config\Cache), false)
#3 C:\xampp\htdocs\Praktikum_5\public\index.php(37): CodeIgniter\CodeIgniter->run()
#4 C:\xampp\htdocs\Praktikum_5\vendor\codeigniter4\framework\system\Commands\Server\rewrite.php(43): require_once('C:\\xampp\\htdocs...')
#5 {main}
CRITICAL - 2021-12-11 03:52:28 --> Class "App\Models\Devices" not found
#0 C:\xampp\htdocs\Praktikum_5\vendor\codeigniter4\framework\system\CodeIgniter.php(801): App\Controllers\DeviceController->__construct()
#1 C:\xampp\htdocs\Praktikum_5\vendor\codeigniter4\framework\system\CodeIgniter.php(401): CodeIgniter\CodeIgniter->createController()
#2 C:\xampp\htdocs\Praktikum_5\vendor\codeigniter4\framework\system\CodeIgniter.php(318): CodeIgniter\CodeIgniter->handleRequest(NULL, Object(Config\Cache), false)
#3 C:\xampp\htdocs\Praktikum_5\public\index.php(37): CodeIgniter\CodeIgniter->run()
#4 C:\xampp\htdocs\Praktikum_5\vendor\codeigniter4\framework\system\Commands\Server\rewrite.php(43): require_once('C:\\xampp\\htdocs...')
#5 {main}
CRITICAL - 2021-12-11 03:52:29 --> Class "App\Models\Devices" not found
#0 C:\xampp\htdocs\Praktikum_5\vendor\codeigniter4\framework\system\CodeIgniter.php(801): App\Controllers\DeviceController->__construct()
#1 C:\xampp\htdocs\Praktikum_5\vendor\codeigniter4\framework\system\CodeIgniter.php(401): CodeIgniter\CodeIgniter->createController()
#2 C:\xampp\htdocs\Praktikum_5\vendor\codeigniter4\framework\system\CodeIgniter.php(318): CodeIgniter\CodeIgniter->handleRequest(NULL, Object(Config\Cache), false)
#3 C:\xampp\htdocs\Praktikum_5\public\index.php(37): CodeIgniter\CodeIgniter->run()
#4 C:\xampp\htdocs\Praktikum_5\vendor\codeigniter4\framework\system\Commands\Server\rewrite.php(43): require_once('C:\\xampp\\htdocs...')
#5 {main}
CRITICAL - 2021-12-11 03:52:29 --> Class "App\Models\Devices" not found
#0 C:\xampp\htdocs\Praktikum_5\vendor\codeigniter4\framework\system\CodeIgniter.php(801): App\Controllers\DeviceController->__construct()
#1 C:\xampp\htdocs\Praktikum_5\vendor\codeigniter4\framework\system\CodeIgniter.php(401): CodeIgniter\CodeIgniter->createController()
#2 C:\xampp\htdocs\Praktikum_5\vendor\codeigniter4\framework\system\CodeIgniter.php(318): CodeIgniter\CodeIgniter->handleRequest(NULL, Object(Config\Cache), false)
#3 C:\xampp\htdocs\Praktikum_5\public\index.php(37): CodeIgniter\CodeIgniter->run()
#4 C:\xampp\htdocs\Praktikum_5\vendor\codeigniter4\framework\system\Commands\Server\rewrite.php(43): require_once('C:\\xampp\\htdocs...')
#5 {main}
CRITICAL - 2021-12-11 03:52:29 --> Class "App\Models\Devices" not found
#0 C:\xampp\htdocs\Praktikum_5\vendor\codeigniter4\framework\system\CodeIgniter.php(801): App\Controllers\DeviceController->__construct()
#1 C:\xampp\htdocs\Praktikum_5\vendor\codeigniter4\framework\system\CodeIgniter.php(401): CodeIgniter\CodeIgniter->createController()
#2 C:\xampp\htdocs\Praktikum_5\vendor\codeigniter4\framework\system\CodeIgniter.php(318): CodeIgniter\CodeIgniter->handleRequest(NULL, Object(Config\Cache), false)
#3 C:\xampp\htdocs\Praktikum_5\public\index.php(37): CodeIgniter\CodeIgniter->run()
#4 C:\xampp\htdocs\Praktikum_5\vendor\codeigniter4\framework\system\Commands\Server\rewrite.php(43): require_once('C:\\xampp\\htdocs...')
#5 {main}
CRITICAL - 2021-12-11 03:52:29 --> Class "App\Models\Devices" not found
#0 C:\xampp\htdocs\Praktikum_5\vendor\codeigniter4\framework\system\CodeIgniter.php(801): App\Controllers\DeviceController->__construct()
#1 C:\xampp\htdocs\Praktikum_5\vendor\codeigniter4\framework\system\CodeIgniter.php(401): CodeIgniter\CodeIgniter->createController()
#2 C:\xampp\htdocs\Praktikum_5\vendor\codeigniter4\framework\system\CodeIgniter.php(318): CodeIgniter\CodeIgniter->handleRequest(NULL, Object(Config\Cache), false)
#3 C:\xampp\htdocs\Praktikum_5\public\index.php(37): CodeIgniter\CodeIgniter->run()
#4 C:\xampp\htdocs\Praktikum_5\vendor\codeigniter4\framework\system\Commands\Server\rewrite.php(43): require_once('C:\\xampp\\htdocs...')
#5 {main}
CRITICAL - 2021-12-11 03:52:29 --> Class "App\Models\Devices" not found
#0 C:\xampp\htdocs\Praktikum_5\vendor\codeigniter4\framework\system\CodeIgniter.php(801): App\Controllers\DeviceController->__construct()
#1 C:\xampp\htdocs\Praktikum_5\vendor\codeigniter4\framework\system\CodeIgniter.php(401): CodeIgniter\CodeIgniter->createController()
#2 C:\xampp\htdocs\Praktikum_5\vendor\codeigniter4\framework\system\CodeIgniter.php(318): CodeIgniter\CodeIgniter->handleRequest(NULL, Object(Config\Cache), false)
#3 C:\xampp\htdocs\Praktikum_5\public\index.php(37): CodeIgniter\CodeIgniter->run()
#4 C:\xampp\htdocs\Praktikum_5\vendor\codeigniter4\framework\system\Commands\Server\rewrite.php(43): require_once('C:\\xampp\\htdocs...')
#5 {main}
CRITICAL - 2021-12-11 03:52:29 --> Class "App\Models\Devices" not found
#0 C:\xampp\htdocs\Praktikum_5\vendor\codeigniter4\framework\system\CodeIgniter.php(801): App\Controllers\DeviceController->__construct()
#1 C:\xampp\htdocs\Praktikum_5\vendor\codeigniter4\framework\system\CodeIgniter.php(401): CodeIgniter\CodeIgniter->createController()
#2 C:\xampp\htdocs\Praktikum_5\vendor\codeigniter4\framework\system\CodeIgniter.php(318): CodeIgniter\CodeIgniter->handleRequest(NULL, Object(Config\Cache), false)
#3 C:\xampp\htdocs\Praktikum_5\public\index.php(37): CodeIgniter\CodeIgniter->run()
#4 C:\xampp\htdocs\Praktikum_5\vendor\codeigniter4\framework\system\Commands\Server\rewrite.php(43): require_once('C:\\xampp\\htdocs...')
#5 {main}
CRITICAL - 2021-12-11 03:52:30 --> Class "App\Models\Devices" not found
#0 C:\xampp\htdocs\Praktikum_5\vendor\codeigniter4\framework\system\CodeIgniter.php(801): App\Controllers\DeviceController->__construct()
#1 C:\xampp\htdocs\Praktikum_5\vendor\codeigniter4\framework\system\CodeIgniter.php(401): CodeIgniter\CodeIgniter->createController()
#2 C:\xampp\htdocs\Praktikum_5\vendor\codeigniter4\framework\system\CodeIgniter.php(318): CodeIgniter\CodeIgniter->handleRequest(NULL, Object(Config\Cache), false)
#3 C:\xampp\htdocs\Praktikum_5\public\index.php(37): CodeIgniter\CodeIgniter->run()
#4 C:\xampp\htdocs\Praktikum_5\vendor\codeigniter4\framework\system\Commands\Server\rewrite.php(43): require_once('C:\\xampp\\htdocs...')
#5 {main}
CRITICAL - 2021-12-11 03:52:30 --> Class "App\Models\Devices" not found
#0 C:\xampp\htdocs\Praktikum_5\vendor\codeigniter4\framework\system\CodeIgniter.php(801): App\Controllers\DeviceController->__construct()
#1 C:\xampp\htdocs\Praktikum_5\vendor\codeigniter4\framework\system\CodeIgniter.php(401): CodeIgniter\CodeIgniter->createController()
#2 C:\xampp\htdocs\Praktikum_5\vendor\codeigniter4\framework\system\CodeIgniter.php(318): CodeIgniter\CodeIgniter->handleRequest(NULL, Object(Config\Cache), false)
#3 C:\xampp\htdocs\Praktikum_5\public\index.php(37): CodeIgniter\CodeIgniter->run()
#4 C:\xampp\htdocs\Praktikum_5\vendor\codeigniter4\framework\system\Commands\Server\rewrite.php(43): require_once('C:\\xampp\\htdocs...')
#5 {main}
CRITICAL - 2021-12-11 03:52:30 --> Class "App\Models\Devices" not found
#0 C:\xampp\htdocs\Praktikum_5\vendor\codeigniter4\framework\system\CodeIgniter.php(801): App\Controllers\DeviceController->__construct()
#1 C:\xampp\htdocs\Praktikum_5\vendor\codeigniter4\framework\system\CodeIgniter.php(401): CodeIgniter\CodeIgniter->createController()
#2 C:\xampp\htdocs\Praktikum_5\vendor\codeigniter4\framework\system\CodeIgniter.php(318): CodeIgniter\CodeIgniter->handleRequest(NULL, Object(Config\Cache), false)
#3 C:\xampp\htdocs\Praktikum_5\public\index.php(37): CodeIgniter\CodeIgniter->run()
#4 C:\xampp\htdocs\Praktikum_5\vendor\codeigniter4\framework\system\Commands\Server\rewrite.php(43): require_once('C:\\xampp\\htdocs...')
#5 {main}
CRITICAL - 2021-12-11 03:52:30 --> Class "App\Models\Devices" not found
#0 C:\xampp\htdocs\Praktikum_5\vendor\codeigniter4\framework\system\CodeIgniter.php(801): App\Controllers\DeviceController->__construct()
#1 C:\xampp\htdocs\Praktikum_5\vendor\codeigniter4\framework\system\CodeIgniter.php(401): CodeIgniter\CodeIgniter->createController()
#2 C:\xampp\htdocs\Praktikum_5\vendor\codeigniter4\framework\system\CodeIgniter.php(318): CodeIgniter\CodeIgniter->handleRequest(NULL, Object(Config\Cache), false)
#3 C:\xampp\htdocs\Praktikum_5\public\index.php(37): CodeIgniter\CodeIgniter->run()
#4 C:\xampp\htdocs\Praktikum_5\vendor\codeigniter4\framework\system\Commands\Server\rewrite.php(43): require_once('C:\\xampp\\htdocs...')
#5 {main}
CRITICAL - 2021-12-11 03:52:30 --> Class "App\Models\Devices" not found
#0 C:\xampp\htdocs\Praktikum_5\vendor\codeigniter4\framework\system\CodeIgniter.php(801): App\Controllers\DeviceController->__construct()
#1 C:\xampp\htdocs\Praktikum_5\vendor\codeigniter4\framework\system\CodeIgniter.php(401): CodeIgniter\CodeIgniter->createController()
#2 C:\xampp\htdocs\Praktikum_5\vendor\codeigniter4\framework\system\CodeIgniter.php(318): CodeIgniter\CodeIgniter->handleRequest(NULL, Object(Config\Cache), false)
#3 C:\xampp\htdocs\Praktikum_5\public\index.php(37): CodeIgniter\CodeIgniter->run()
#4 C:\xampp\htdocs\Praktikum_5\vendor\codeigniter4\framework\system\Commands\Server\rewrite.php(43): require_once('C:\\xampp\\htdocs...')
#5 {main}
CRITICAL - 2021-12-11 03:52:31 --> Class "App\Models\Devices" not found
#0 C:\xampp\htdocs\Praktikum_5\vendor\codeigniter4\framework\system\CodeIgniter.php(801): App\Controllers\DeviceController->__construct()
#1 C:\xampp\htdocs\Praktikum_5\vendor\codeigniter4\framework\system\CodeIgniter.php(401): CodeIgniter\CodeIgniter->createController()
#2 C:\xampp\htdocs\Praktikum_5\vendor\codeigniter4\framework\system\CodeIgniter.php(318): CodeIgniter\CodeIgniter->handleRequest(NULL, Object(Config\Cache), false)
#3 C:\xampp\htdocs\Praktikum_5\public\index.php(37): CodeIgniter\CodeIgniter->run()
#4 C:\xampp\htdocs\Praktikum_5\vendor\codeigniter4\framework\system\Commands\Server\rewrite.php(43): require_once('C:\\xampp\\htdocs...')
#5 {main}
CRITICAL - 2021-12-11 03:52:31 --> Class "App\Models\Devices" not found
#0 C:\xampp\htdocs\Praktikum_5\vendor\codeigniter4\framework\system\CodeIgniter.php(801): App\Controllers\DeviceController->__construct()
#1 C:\xampp\htdocs\Praktikum_5\vendor\codeigniter4\framework\system\CodeIgniter.php(401): CodeIgniter\CodeIgniter->createController()
#2 C:\xampp\htdocs\Praktikum_5\vendor\codeigniter4\framework\system\CodeIgniter.php(318): CodeIgniter\CodeIgniter->handleRequest(NULL, Object(Config\Cache), false)
#3 C:\xampp\htdocs\Praktikum_5\public\index.php(37): CodeIgniter\CodeIgniter->run()
#4 C:\xampp\htdocs\Praktikum_5\vendor\codeigniter4\framework\system\Commands\Server\rewrite.php(43): require_once('C:\\xampp\\htdocs...')
#5 {main}
CRITICAL - 2021-12-11 03:52:34 --> Class "App\Models\Devices" not found
#0 C:\xampp\htdocs\Praktikum_5\vendor\codeigniter4\framework\system\CodeIgniter.php(801): App\Controllers\DeviceController->__construct()
#1 C:\xampp\htdocs\Praktikum_5\vendor\codeigniter4\framework\system\CodeIgniter.php(401): CodeIgniter\CodeIgniter->createController()
#2 C:\xampp\htdocs\Praktikum_5\vendor\codeigniter4\framework\system\CodeIgniter.php(318): CodeIgniter\CodeIgniter->handleRequest(NULL, Object(Config\Cache), false)
#3 C:\xampp\htdocs\Praktikum_5\public\index.php(37): CodeIgniter\CodeIgniter->run()
#4 C:\xampp\htdocs\Praktikum_5\vendor\codeigniter4\framework\system\Commands\Server\rewrite.php(43): require_once('C:\\xampp\\htdocs...')
#5 {main}
CRITICAL - 2021-12-11 03:53:31 --> Class "App\Models\Devices" not found
#0 C:\xampp\htdocs\Praktikum_5\vendor\codeigniter4\framework\system\CodeIgniter.php(801): App\Controllers\DeviceController->__construct()
#1 C:\xampp\htdocs\Praktikum_5\vendor\codeigniter4\framework\system\CodeIgniter.php(401): CodeIgniter\CodeIgniter->createController()
#2 C:\xampp\htdocs\Praktikum_5\vendor\codeigniter4\framework\system\CodeIgniter.php(318): CodeIgniter\CodeIgniter->handleRequest(NULL, Object(Config\Cache), false)
#3 C:\xampp\htdocs\Praktikum_5\public\index.php(37): CodeIgniter\CodeIgniter->run()
#4 C:\xampp\htdocs\Praktikum_5\vendor\codeigniter4\framework\system\Commands\Server\rewrite.php(43): require_once('C:\\xampp\\htdocs...')
#5 {main}
CRITICAL - 2021-12-11 03:53:36 --> Class "App\Models\Devices" not found
#0 C:\xampp\htdocs\Praktikum_5\vendor\codeigniter4\framework\system\CodeIgniter.php(801): App\Controllers\DeviceController->__construct()
#1 C:\xampp\htdocs\Praktikum_5\vendor\codeigniter4\framework\system\CodeIgniter.php(401): CodeIgniter\CodeIgniter->createController()
#2 C:\xampp\htdocs\Praktikum_5\vendor\codeigniter4\framework\system\CodeIgniter.php(318): CodeIgniter\CodeIgniter->handleRequest(NULL, Object(Config\Cache), false)
#3 C:\xampp\htdocs\Praktikum_5\public\index.php(37): CodeIgniter\CodeIgniter->run()
#4 C:\xampp\htdocs\Praktikum_5\vendor\codeigniter4\framework\system\Commands\Server\rewrite.php(43): require_once('C:\\xampp\\htdocs...')
#5 {main}
CRITICAL - 2021-12-11 03:53:37 --> Class "App\Models\Devices" not found
#0 C:\xampp\htdocs\Praktikum_5\vendor\codeigniter4\framework\system\CodeIgniter.php(801): App\Controllers\DeviceController->__construct()
#1 C:\xampp\htdocs\Praktikum_5\vendor\codeigniter4\framework\system\CodeIgniter.php(401): CodeIgniter\CodeIgniter->createController()
#2 C:\xampp\htdocs\Praktikum_5\vendor\codeigniter4\framework\system\CodeIgniter.php(318): CodeIgniter\CodeIgniter->handleRequest(NULL, Object(Config\Cache), false)
#3 C:\xampp\htdocs\Praktikum_5\public\index.php(37): CodeIgniter\CodeIgniter->run()
#4 C:\xampp\htdocs\Praktikum_5\vendor\codeigniter4\framework\system\Commands\Server\rewrite.php(43): require_once('C:\\xampp\\htdocs...')
#5 {main}
CRITICAL - 2021-12-11 03:53:37 --> Class "App\Models\Devices" not found
#0 C:\xampp\htdocs\Praktikum_5\vendor\codeigniter4\framework\system\CodeIgniter.php(801): App\Controllers\DeviceController->__construct()
#1 C:\xampp\htdocs\Praktikum_5\vendor\codeigniter4\framework\system\CodeIgniter.php(401): CodeIgniter\CodeIgniter->createController()
#2 C:\xampp\htdocs\Praktikum_5\vendor\codeigniter4\framework\system\CodeIgniter.php(318): CodeIgniter\CodeIgniter->handleRequest(NULL, Object(Config\Cache), false)
#3 C:\xampp\htdocs\Praktikum_5\public\index.php(37): CodeIgniter\CodeIgniter->run()
#4 C:\xampp\htdocs\Praktikum_5\vendor\codeigniter4\framework\system\Commands\Server\rewrite.php(43): require_once('C:\\xampp\\htdocs...')
#5 {main}
CRITICAL - 2021-12-11 03:53:38 --> Class "App\Models\Devices" not found
#0 C:\xampp\htdocs\Praktikum_5\vendor\codeigniter4\framework\system\CodeIgniter.php(801): App\Controllers\DeviceController->__construct()
#1 C:\xampp\htdocs\Praktikum_5\vendor\codeigniter4\framework\system\CodeIgniter.php(401): CodeIgniter\CodeIgniter->createController()
#2 C:\xampp\htdocs\Praktikum_5\vendor\codeigniter4\framework\system\CodeIgniter.php(318): CodeIgniter\CodeIgniter->handleRequest(NULL, Object(Config\Cache), false)
#3 C:\xampp\htdocs\Praktikum_5\public\index.php(37): CodeIgniter\CodeIgniter->run()
#4 C:\xampp\htdocs\Praktikum_5\vendor\codeigniter4\framework\system\Commands\Server\rewrite.php(43): require_once('C:\\xampp\\htdocs...')
#5 {main}
CRITICAL - 2021-12-11 03:53:38 --> Class "App\Models\Devices" not found
#0 C:\xampp\htdocs\Praktikum_5\vendor\codeigniter4\framework\system\CodeIgniter.php(801): App\Controllers\DeviceController->__construct()
#1 C:\xampp\htdocs\Praktikum_5\vendor\codeigniter4\framework\system\CodeIgniter.php(401): CodeIgniter\CodeIgniter->createController()
#2 C:\xampp\htdocs\Praktikum_5\vendor\codeigniter4\framework\system\CodeIgniter.php(318): CodeIgniter\CodeIgniter->handleRequest(NULL, Object(Config\Cache), false)
#3 C:\xampp\htdocs\Praktikum_5\public\index.php(37): CodeIgniter\CodeIgniter->run()
#4 C:\xampp\htdocs\Praktikum_5\vendor\codeigniter4\framework\system\Commands\Server\rewrite.php(43): require_once('C:\\xampp\\htdocs...')
#5 {main}
CRITICAL - 2021-12-11 03:53:38 --> Class "App\Models\Devices" not found
#0 C:\xampp\htdocs\Praktikum_5\vendor\codeigniter4\framework\system\CodeIgniter.php(801): App\Controllers\DeviceController->__construct()
#1 C:\xampp\htdocs\Praktikum_5\vendor\codeigniter4\framework\system\CodeIgniter.php(401): CodeIgniter\CodeIgniter->createController()
#2 C:\xampp\htdocs\Praktikum_5\vendor\codeigniter4\framework\system\CodeIgniter.php(318): CodeIgniter\CodeIgniter->handleRequest(NULL, Object(Config\Cache), false)
#3 C:\xampp\htdocs\Praktikum_5\public\index.php(37): CodeIgniter\CodeIgniter->run()
#4 C:\xampp\htdocs\Praktikum_5\vendor\codeigniter4\framework\system\Commands\Server\rewrite.php(43): require_once('C:\\xampp\\htdocs...')
#5 {main}
CRITICAL - 2021-12-11 03:54:12 --> Class "App\Models\Devices" not found
#0 C:\xampp\htdocs\Praktikum_5\vendor\codeigniter4\framework\system\CodeIgniter.php(801): App\Controllers\DeviceController->__construct()
#1 C:\xampp\htdocs\Praktikum_5\vendor\codeigniter4\framework\system\CodeIgniter.php(401): CodeIgniter\CodeIgniter->createController()
#2 C:\xampp\htdocs\Praktikum_5\vendor\codeigniter4\framework\system\CodeIgniter.php(318): CodeIgniter\CodeIgniter->handleRequest(NULL, Object(Config\Cache), false)
#3 C:\xampp\htdocs\Praktikum_5\public\index.php(37): CodeIgniter\CodeIgniter->run()
#4 C:\xampp\htdocs\Praktikum_5\vendor\codeigniter4\framework\system\Commands\Server\rewrite.php(43): require_once('C:\\xampp\\htdocs...')
#5 {main}
CRITICAL - 2021-12-11 04:01:53 --> Class "App\Models\Devices" not found
#0 C:\xampp\htdocs\Praktikum_5\vendor\codeigniter4\framework\system\CodeIgniter.php(801): App\Controllers\DeviceController->__construct()
#1 C:\xampp\htdocs\Praktikum_5\vendor\codeigniter4\framework\system\CodeIgniter.php(401): CodeIgniter\CodeIgniter->createController()
#2 C:\xampp\htdocs\Praktikum_5\vendor\codeigniter4\framework\system\CodeIgniter.php(318): CodeIgniter\CodeIgniter->handleRequest(NULL, Object(Config\Cache), false)
#3 C:\xampp\htdocs\Praktikum_5\public\index.php(37): CodeIgniter\CodeIgniter->run()
#4 C:\xampp\htdocs\Praktikum_5\vendor\codeigniter4\framework\system\Commands\Server\rewrite.php(43): require_once('C:\\xampp\\htdocs...')
#5 {main}
CRITICAL - 2021-12-11 04:01:56 --> Class "App\Models\Devices" not found
#0 C:\xampp\htdocs\Praktikum_5\vendor\codeigniter4\framework\system\CodeIgniter.php(801): App\Controllers\DeviceController->__construct()
#1 C:\xampp\htdocs\Praktikum_5\vendor\codeigniter4\framework\system\CodeIgniter.php(401): CodeIgniter\CodeIgniter->createController()
#2 C:\xampp\htdocs\Praktikum_5\vendor\codeigniter4\framework\system\CodeIgniter.php(318): CodeIgniter\CodeIgniter->handleRequest(NULL, Object(Config\Cache), false)
#3 C:\xampp\htdocs\Praktikum_5\public\index.php(37): CodeIgniter\CodeIgniter->run()
#4 C:\xampp\htdocs\Praktikum_5\vendor\codeigniter4\framework\system\Commands\Server\rewrite.php(43): require_once('C:\\xampp\\htdocs...')
#5 {main}
CRITICAL - 2021-12-11 04:02:35 --> Class "App\Models\Devices" not found
#0 C:\xampp\htdocs\Praktikum_5\vendor\codeigniter4\framework\system\CodeIgniter.php(801): App\Controllers\DeviceController->__construct()
#1 C:\xampp\htdocs\Praktikum_5\vendor\codeigniter4\framework\system\CodeIgniter.php(401): CodeIgniter\CodeIgniter->createController()
#2 C:\xampp\htdocs\Praktikum_5\vendor\codeigniter4\framework\system\CodeIgniter.php(318): CodeIgniter\CodeIgniter->handleRequest(NULL, Object(Config\Cache), false)
#3 C:\xampp\htdocs\Praktikum_5\public\index.php(37): CodeIgniter\CodeIgniter->run()
#4 C:\xampp\htdocs\Praktikum_5\vendor\codeigniter4\framework\system\Commands\Server\rewrite.php(43): require_once('C:\\xampp\\htdocs...')
#5 {main}
CRITICAL - 2021-12-11 04:02:36 --> Class "App\Models\Devices" not found
#0 C:\xampp\htdocs\Praktikum_5\vendor\codeigniter4\framework\system\CodeIgniter.php(801): App\Controllers\DeviceController->__construct()
#1 C:\xampp\htdocs\Praktikum_5\vendor\codeigniter4\framework\system\CodeIgniter.php(401): CodeIgniter\CodeIgniter->createController()
#2 C:\xampp\htdocs\Praktikum_5\vendor\codeigniter4\framework\system\CodeIgniter.php(318): CodeIgniter\CodeIgniter->handleRequest(NULL, Object(Config\Cache), false)
#3 C:\xampp\htdocs\Praktikum_5\public\index.php(37): CodeIgniter\CodeIgniter->run()
#4 C:\xampp\htdocs\Praktikum_5\vendor\codeigniter4\framework\system\Commands\Server\rewrite.php(43): require_once('C:\\xampp\\htdocs...')
#5 {main}
CRITICAL - 2021-12-11 04:02:36 --> Class "App\Models\Devices" not found
#0 C:\xampp\htdocs\Praktikum_5\vendor\codeigniter4\framework\system\CodeIgniter.php(801): App\Controllers\DeviceController->__construct()
#1 C:\xampp\htdocs\Praktikum_5\vendor\codeigniter4\framework\system\CodeIgniter.php(401): CodeIgniter\CodeIgniter->createController()
#2 C:\xampp\htdocs\Praktikum_5\vendor\codeigniter4\framework\system\CodeIgniter.php(318): CodeIgniter\CodeIgniter->handleRequest(NULL, Object(Config\Cache), false)
#3 C:\xampp\htdocs\Praktikum_5\public\index.php(37): CodeIgniter\CodeIgniter->run()
#4 C:\xampp\htdocs\Praktikum_5\vendor\codeigniter4\framework\system\Commands\Server\rewrite.php(43): require_once('C:\\xampp\\htdocs...')
#5 {main}
CRITICAL - 2021-12-11 04:02:36 --> Class "App\Models\Devices" not found
#0 C:\xampp\htdocs\Praktikum_5\vendor\codeigniter4\framework\system\CodeIgniter.php(801): App\Controllers\DeviceController->__construct()
#1 C:\xampp\htdocs\Praktikum_5\vendor\codeigniter4\framework\system\CodeIgniter.php(401): CodeIgniter\CodeIgniter->createController()
#2 C:\xampp\htdocs\Praktikum_5\vendor\codeigniter4\framework\system\CodeIgniter.php(318): CodeIgniter\CodeIgniter->handleRequest(NULL, Object(Config\Cache), false)
#3 C:\xampp\htdocs\Praktikum_5\public\index.php(37): CodeIgniter\CodeIgniter->run()
#4 C:\xampp\htdocs\Praktikum_5\vendor\codeigniter4\framework\system\Commands\Server\rewrite.php(43): require_once('C:\\xampp\\htdocs...')
#5 {main}
CRITICAL - 2021-12-11 04:02:36 --> Class "App\Models\Devices" not found
#0 C:\xampp\htdocs\Praktikum_5\vendor\codeigniter4\framework\system\CodeIgniter.php(801): App\Controllers\DeviceController->__construct()
#1 C:\xampp\htdocs\Praktikum_5\vendor\codeigniter4\framework\system\CodeIgniter.php(401): CodeIgniter\CodeIgniter->createController()
#2 C:\xampp\htdocs\Praktikum_5\vendor\codeigniter4\framework\system\CodeIgniter.php(318): CodeIgniter\CodeIgniter->handleRequest(NULL, Object(Config\Cache), false)
#3 C:\xampp\htdocs\Praktikum_5\public\index.php(37): CodeIgniter\CodeIgniter->run()
#4 C:\xampp\htdocs\Praktikum_5\vendor\codeigniter4\framework\system\Commands\Server\rewrite.php(43): require_once('C:\\xampp\\htdocs...')
#5 {main}
CRITICAL - 2021-12-11 04:02:36 --> Class "App\Models\Devices" not found
#0 C:\xampp\htdocs\Praktikum_5\vendor\codeigniter4\framework\system\CodeIgniter.php(801): App\Controllers\DeviceController->__construct()
#1 C:\xampp\htdocs\Praktikum_5\vendor\codeigniter4\framework\system\CodeIgniter.php(401): CodeIgniter\CodeIgniter->createController()
#2 C:\xampp\htdocs\Praktikum_5\vendor\codeigniter4\framework\system\CodeIgniter.php(318): CodeIgniter\CodeIgniter->handleRequest(NULL, Object(Config\Cache), false)
#3 C:\xampp\htdocs\Praktikum_5\public\index.php(37): CodeIgniter\CodeIgniter->run()
#4 C:\xampp\htdocs\Praktikum_5\vendor\codeigniter4\framework\system\Commands\Server\rewrite.php(43): require_once('C:\\xampp\\htdocs...')
#5 {main}
CRITICAL - 2021-12-11 04:02:37 --> Class "App\Models\Devices" not found
#0 C:\xampp\htdocs\Praktikum_5\vendor\codeigniter4\framework\system\CodeIgniter.php(801): App\Controllers\DeviceController->__construct()
#1 C:\xampp\htdocs\Praktikum_5\vendor\codeigniter4\framework\system\CodeIgniter.php(401): CodeIgniter\CodeIgniter->createController()
#2 C:\xampp\htdocs\Praktikum_5\vendor\codeigniter4\framework\system\CodeIgniter.php(318): CodeIgniter\CodeIgniter->handleRequest(NULL, Object(Config\Cache), false)
#3 C:\xampp\htdocs\Praktikum_5\public\index.php(37): CodeIgniter\CodeIgniter->run()
#4 C:\xampp\htdocs\Praktikum_5\vendor\codeigniter4\framework\system\Commands\Server\rewrite.php(43): require_once('C:\\xampp\\htdocs...')
#5 {main}
CRITICAL - 2021-12-11 04:02:37 --> Class "App\Models\Devices" not found
#0 C:\xampp\htdocs\Praktikum_5\vendor\codeigniter4\framework\system\CodeIgniter.php(801): App\Controllers\DeviceController->__construct()
#1 C:\xampp\htdocs\Praktikum_5\vendor\codeigniter4\framework\system\CodeIgniter.php(401): CodeIgniter\CodeIgniter->createController()
#2 C:\xampp\htdocs\Praktikum_5\vendor\codeigniter4\framework\system\CodeIgniter.php(318): CodeIgniter\CodeIgniter->handleRequest(NULL, Object(Config\Cache), false)
#3 C:\xampp\htdocs\Praktikum_5\public\index.php(37): CodeIgniter\CodeIgniter->run()
#4 C:\xampp\htdocs\Praktikum_5\vendor\codeigniter4\framework\system\Commands\Server\rewrite.php(43): require_once('C:\\xampp\\htdocs...')
#5 {main}
CRITICAL - 2021-12-11 04:02:37 --> Class "App\Models\Devices" not found
#0 C:\xampp\htdocs\Praktikum_5\vendor\codeigniter4\framework\system\CodeIgniter.php(801): App\Controllers\DeviceController->__construct()
#1 C:\xampp\htdocs\Praktikum_5\vendor\codeigniter4\framework\system\CodeIgniter.php(401): CodeIgniter\CodeIgniter->createController()
#2 C:\xampp\htdocs\Praktikum_5\vendor\codeigniter4\framework\system\CodeIgniter.php(318): CodeIgniter\CodeIgniter->handleRequest(NULL, Object(Config\Cache), false)
#3 C:\xampp\htdocs\Praktikum_5\public\index.php(37): CodeIgniter\CodeIgniter->run()
#4 C:\xampp\htdocs\Praktikum_5\vendor\codeigniter4\framework\system\Commands\Server\rewrite.php(43): require_once('C:\\xampp\\htdocs...')
#5 {main}
CRITICAL - 2021-12-11 04:02:37 --> Class "App\Models\Devices" not found
#0 C:\xampp\htdocs\Praktikum_5\vendor\codeigniter4\framework\system\CodeIgniter.php(801): App\Controllers\DeviceController->__construct()
#1 C:\xampp\htdocs\Praktikum_5\vendor\codeigniter4\framework\system\CodeIgniter.php(401): CodeIgniter\CodeIgniter->createController()
#2 C:\xampp\htdocs\Praktikum_5\vendor\codeigniter4\framework\system\CodeIgniter.php(318): CodeIgniter\CodeIgniter->handleRequest(NULL, Object(Config\Cache), false)
#3 C:\xampp\htdocs\Praktikum_5\public\index.php(37): CodeIgniter\CodeIgniter->run()
#4 C:\xampp\htdocs\Praktikum_5\vendor\codeigniter4\framework\system\Commands\Server\rewrite.php(43): require_once('C:\\xampp\\htdocs...')
#5 {main}
CRITICAL - 2021-12-11 04:02:37 --> Class "App\Models\Devices" not found
#0 C:\xampp\htdocs\Praktikum_5\vendor\codeigniter4\framework\system\CodeIgniter.php(801): App\Controllers\DeviceController->__construct()
#1 C:\xampp\htdocs\Praktikum_5\vendor\codeigniter4\framework\system\CodeIgniter.php(401): CodeIgniter\CodeIgniter->createController()
#2 C:\xampp\htdocs\Praktikum_5\vendor\codeigniter4\framework\system\CodeIgniter.php(318): CodeIgniter\CodeIgniter->handleRequest(NULL, Object(Config\Cache), false)
#3 C:\xampp\htdocs\Praktikum_5\public\index.php(37): CodeIgniter\CodeIgniter->run()
#4 C:\xampp\htdocs\Praktikum_5\vendor\codeigniter4\framework\system\Commands\Server\rewrite.php(43): require_once('C:\\xampp\\htdocs...')
#5 {main}
CRITICAL - 2021-12-11 04:02:38 --> Class "App\Models\Devices" not found
#0 C:\xampp\htdocs\Praktikum_5\vendor\codeigniter4\framework\system\CodeIgniter.php(801): App\Controllers\DeviceController->__construct()
#1 C:\xampp\htdocs\Praktikum_5\vendor\codeigniter4\framework\system\CodeIgniter.php(401): CodeIgniter\CodeIgniter->createController()
#2 C:\xampp\htdocs\Praktikum_5\vendor\codeigniter4\framework\system\CodeIgniter.php(318): CodeIgniter\CodeIgniter->handleRequest(NULL, Object(Config\Cache), false)
#3 C:\xampp\htdocs\Praktikum_5\public\index.php(37): CodeIgniter\CodeIgniter->run()
#4 C:\xampp\htdocs\Praktikum_5\vendor\codeigniter4\framework\system\Commands\Server\rewrite.php(43): require_once('C:\\xampp\\htdocs...')
#5 {main}
CRITICAL - 2021-12-11 04:02:38 --> Class "App\Models\Devices" not found
#0 C:\xampp\htdocs\Praktikum_5\vendor\codeigniter4\framework\system\CodeIgniter.php(801): App\Controllers\DeviceController->__construct()
#1 C:\xampp\htdocs\Praktikum_5\vendor\codeigniter4\framework\system\CodeIgniter.php(401): CodeIgniter\CodeIgniter->createController()
#2 C:\xampp\htdocs\Praktikum_5\vendor\codeigniter4\framework\system\CodeIgniter.php(318): CodeIgniter\CodeIgniter->handleRequest(NULL, Object(Config\Cache), false)
#3 C:\xampp\htdocs\Praktikum_5\public\index.php(37): CodeIgniter\CodeIgniter->run()
#4 C:\xampp\htdocs\Praktikum_5\vendor\codeigniter4\framework\system\Commands\Server\rewrite.php(43): require_once('C:\\xampp\\htdocs...')
#5 {main}
CRITICAL - 2021-12-11 04:02:38 --> Class "App\Models\Devices" not found
#0 C:\xampp\htdocs\Praktikum_5\vendor\codeigniter4\framework\system\CodeIgniter.php(801): App\Controllers\DeviceController->__construct()
#1 C:\xampp\htdocs\Praktikum_5\vendor\codeigniter4\framework\system\CodeIgniter.php(401): CodeIgniter\CodeIgniter->createController()
#2 C:\xampp\htdocs\Praktikum_5\vendor\codeigniter4\framework\system\CodeIgniter.php(318): CodeIgniter\CodeIgniter->handleRequest(NULL, Object(Config\Cache), false)
#3 C:\xampp\htdocs\Praktikum_5\public\index.php(37): CodeIgniter\CodeIgniter->run()
#4 C:\xampp\htdocs\Praktikum_5\vendor\codeigniter4\framework\system\Commands\Server\rewrite.php(43): require_once('C:\\xampp\\htdocs...')
#5 {main}
ERROR - 2021-12-11 04:07:58 --> Error connecting to the database: Access denied for user '****'@'localhost' (using password: YES)
CRITICAL - 2021-12-11 04:07:58 --> Unable to connect to the database.
Main connection [MySQLi]: Access denied for user '****'@'localhost' (using password: YES)
#0 C:\xampp\htdocs\Praktikum_5\vendor\codeigniter4\framework\system\Database\BaseConnection.php(577): CodeIgniter\Database\BaseConnection->initialize()
#1 C:\xampp\htdocs\Praktikum_5\vendor\codeigniter4\framework\system\Database\BaseBuilder.php(1443): CodeIgniter\Database\BaseConnection->query('SELECT *\nFROM `...', Array, false)
#2 C:\xampp\htdocs\Praktikum_5\vendor\codeigniter4\framework\system\Model.php(183): CodeIgniter\Database\BaseBuilder->get()
#3 C:\xampp\htdocs\Praktikum_5\vendor\codeigniter4\framework\system\BaseModel.php(584): CodeIgniter\Model->doFindAll(0, 0)
#4 C:\xampp\htdocs\Praktikum_5\app\Controllers\DeviceController.php(16): CodeIgniter\BaseModel->findAll()
#5 C:\xampp\htdocs\Praktikum_5\vendor\codeigniter4\framework\system\CodeIgniter.php(824): App\Controllers\DeviceController->index()
#6 C:\xampp\htdocs\Praktikum_5\vendor\codeigniter4\framework\system\CodeIgniter.php(410): CodeIgniter\CodeIgniter->runController(Object(App\Controllers\DeviceController))
#7 C:\xampp\htdocs\Praktikum_5\vendor\codeigniter4\framework\system\CodeIgniter.php(318): CodeIgniter\CodeIgniter->handleRequest(NULL, Object(Config\Cache), false)
#8 C:\xampp\htdocs\Praktikum_5\public\index.php(37): CodeIgniter\CodeIgniter->run()
#9 C:\xampp\htdocs\Praktikum_5\vendor\codeigniter4\framework\system\Commands\Server\rewrite.php(43): require_once('C:\\xampp\\htdocs...')
#10 {main}
ERROR - 2021-12-11 04:08:00 --> Error connecting to the database: Access denied for user '****'@'localhost' (using password: YES)
CRITICAL - 2021-12-11 04:08:00 --> Unable to connect to the database.
Main connection [MySQLi]: Access denied for user '****'@'localhost' (using password: YES)
#0 C:\xampp\htdocs\Praktikum_5\vendor\codeigniter4\framework\system\Database\BaseConnection.php(577): CodeIgniter\Database\BaseConnection->initialize()
#1 C:\xampp\htdocs\Praktikum_5\vendor\codeigniter4\framework\system\Database\BaseBuilder.php(1443): CodeIgniter\Database\BaseConnection->query('SELECT *\nFROM `...', Array, false)
#2 C:\xampp\htdocs\Praktikum_5\vendor\codeigniter4\framework\system\Model.php(183): CodeIgniter\Database\BaseBuilder->get()
#3 C:\xampp\htdocs\Praktikum_5\vendor\codeigniter4\framework\system\BaseModel.php(584): CodeIgniter\Model->doFindAll(0, 0)
#4 C:\xampp\htdocs\Praktikum_5\app\Controllers\DeviceController.php(16): CodeIgniter\BaseModel->findAll()
#5 C:\xampp\htdocs\Praktikum_5\vendor\codeigniter4\framework\system\CodeIgniter.php(824): App\Controllers\DeviceController->index()
#6 C:\xampp\htdocs\Praktikum_5\vendor\codeigniter4\framework\system\CodeIgniter.php(410): CodeIgniter\CodeIgniter->runController(Object(App\Controllers\DeviceController))
#7 C:\xampp\htdocs\Praktikum_5\vendor\codeigniter4\framework\system\CodeIgniter.php(318): CodeIgniter\CodeIgniter->handleRequest(NULL, Object(Config\Cache), false)
#8 C:\xampp\htdocs\Praktikum_5\public\index.php(37): CodeIgniter\CodeIgniter->run()
#9 C:\xampp\htdocs\Praktikum_5\vendor\codeigniter4\framework\system\Commands\Server\rewrite.php(43): require_once('C:\\xampp\\htdocs...')
#10 {main}
ERROR - 2021-12-11 04:45:59 --> Error connecting to the database: Access denied for user '****'@'localhost' (using password: YES)
CRITICAL - 2021-12-11 04:45:59 --> Unable to connect to the database.
Main connection [MySQLi]: Access denied for user '****'@'localhost' (using password: YES)
#0 C:\xampp\htdocs\Praktikum_5\vendor\codeigniter4\framework\system\Database\BaseConnection.php(577): CodeIgniter\Database\BaseConnection->initialize()
#1 C:\xampp\htdocs\Praktikum_5\vendor\codeigniter4\framework\system\Database\BaseBuilder.php(1443): CodeIgniter\Database\BaseConnection->query('SELECT *\nFROM `...', Array, false)
#2 C:\xampp\htdocs\Praktikum_5\vendor\codeigniter4\framework\system\Model.php(183): CodeIgniter\Database\BaseBuilder->get()
#3 C:\xampp\htdocs\Praktikum_5\vendor\codeigniter4\framework\system\BaseModel.php(584): CodeIgniter\Model->doFindAll(0, 0)
#4 C:\xampp\htdocs\Praktikum_5\app\Controllers\DeviceController.php(16): CodeIgniter\BaseModel->findAll()
#5 C:\xampp\htdocs\Praktikum_5\vendor\codeigniter4\framework\system\CodeIgniter.php(824): App\Controllers\DeviceController->index()
#6 C:\xampp\htdocs\Praktikum_5\vendor\codeigniter4\framework\system\CodeIgniter.php(410): CodeIgniter\CodeIgniter->runController(Object(App\Controllers\DeviceController))
#7 C:\xampp\htdocs\Praktikum_5\vendor\codeigniter4\framework\system\CodeIgniter.php(318): CodeIgniter\CodeIgniter->handleRequest(NULL, Object(Config\Cache), false)
#8 C:\xampp\htdocs\Praktikum_5\public\index.php(37): CodeIgniter\CodeIgniter->run()
#9 C:\xampp\htdocs\Praktikum_5\vendor\codeigniter4\framework\system\Commands\Server\rewrite.php(43): require_once('C:\\xampp\\htdocs...')
#10 {main}
